app/build/outputs/mapping/release/seeds.txt
com.nfcpoc.hce.ApduRouter
com.nfcpoc.ui.replay.ReplayFragment
com.nfcpoc.data.model.CardType
com.nfcpoc.databinding.ActivityCardDetailBinding
com.nfcpoc.NfcPocApplication
com.nfcpoc.hce.ApduRouter$Companion
com.nfcpoc.ui.scan.ScanFragment
com.nfcpoc.hce.HceEmulationService
com.nfcpoc.hce.EmulationSessionManager
com.nfcpoc.data.model.NfcCard
com.nfcpoc.hce.ApduRouter$toHexString$1
com.nfcpoc.data.database.CardDatabase_Impl
com.nfcpoc.databinding.FragmentCardListBinding
com.nfcpoc.databinding.FragmentReplayBinding
com.nfcpoc.hce.HceEmulationService$toHexString$1
com.nfcpoc.ui.cards.CardDetailActivity
com.nfcpoc.databinding.DialogSaveCardBinding
com.nfcpoc.ui.MainActivity
com.nfcpoc.databinding.ItemCardBinding
com.nfcpoc.data.database.CardDatabase
com.nfcpoc.ui.cards.CardListFragment
com.nfcpoc.data.model.UltralightPage
com.nfcpoc.ui.cards.CardAdapter$CardViewHolder
com.nfcpoc.databinding.ActivityMainBinding
com.nfcpoc.databinding.FragmentScanBinding
com.nfcpoc.data.model.MifareSector
com.nfcpoc.data.model.ApduExchange
com.nfcpoc.data.model.NfcCard: int mifareType
com.nfcpoc.hce.ApduRouter: java.lang.String selectedAid
com.nfcpoc.hce.ApduRouter: com.nfcpoc.hce.ApduRouter$Companion Companion
com.nfcpoc.hce.ApduRouter: byte[] SW_FILE_NOT_FOUND
com.nfcpoc.data.model.NfcCard: java.lang.String systemCode
com.nfcpoc.hce.ApduRouter$toHexString$1: com.nfcpoc.hce.ApduRouter$toHexString$1 INSTANCE
com.nfcpoc.data.model.UltralightPage: java.lang.String data
com.nfcpoc.data.model.NfcCard: java.lang.String historicalBytes
com.nfcpoc.data.model.CardType: com.nfcpoc.data.model.CardType NFC_F
com.nfcpoc.data.model.UltralightPage: int index
com.nfcpoc.data.model.MifareSector: java.util.List blocks
com.nfcpoc.data.model.NfcCard: java.lang.String atqa
com.nfcpoc.hce.ApduRouter: byte[] SW_COMMAND_NOT_ALLOWED
com.nfcpoc.ui.cards.CardListFragment: com.nfcpoc.ui.cards.CardAdapter adapter
com.nfcpoc.hce.HceEmulationService$toHexString$1: com.nfcpoc.hce.HceEmulationService$toHexString$1 INSTANCE
com.nfcpoc.data.model.NfcCard: java.lang.String idm
com.nfcpoc.data.model.NfcCard: java.util.List sectors
com.nfcpoc.hce.EmulationSessionManager: com.nfcpoc.hce.EmulationSessionManager INSTANCE
com.nfcpoc.data.model.CardType: com.nfcpoc.data.model.CardType UNKNOWN
com.nfcpoc.data.model.ApduExchange: java.lang.String description
com.nfcpoc.data.model.CardType: com.nfcpoc.data.model.CardType ISO_DEP_B
com.nfcpoc.data.model.CardType: com.nfcpoc.data.model.CardType MIFARE_ULTRALIGHT
com.nfcpoc.data.model.NfcCard: com.nfcpoc.data.model.CardType cardType
com.nfcpoc.data.model.CardType: java.lang.String displayName
com.nfcpoc.data.model.CardType: com.nfcpoc.data.model.CardType NFC_V
com.nfcpoc.ui.cards.CardAdapter$CardViewHolder$WhenMappings: int[] $EnumSwitchMapping$0
com.nfcpoc.data.database.CardDatabase_Impl: com.nfcpoc.data.database.CardDao _cardDao
com.nfcpoc.data.model.NfcCard: java.lang.String uid
com.nfcpoc.data.model.ApduExchange: java.lang.String response
com.nfcpoc.data.model.NfcCard: int authenticatedSectorCount
com.nfcpoc.data.model.NfcCard: java.lang.String notes
com.nfcpoc.data.model.CardType: com.nfcpoc.data.model.CardType[] $VALUES
com.nfcpoc.data.model.NfcCard: long timestamp
com.nfcpoc.data.model.NfcCard: java.util.List pages
com.nfcpoc.data.model.NfcCard: java.lang.Integer sak
com.nfcpoc.ui.scan.ScanFragment$WhenMappings: int[] $EnumSwitchMapping$0
com.nfcpoc.ui.replay.ReplayFragment: kotlin.Lazy viewModel$delegate
com.nfcpoc.hce.EmulationSessionManager: boolean isEmulating
com.nfcpoc.hce.EmulationSessionManager: com.nfcpoc.hce.ApduRouter router
com.nfcpoc.data.model.CardType: kotlin.enums.EnumEntries $ENTRIES
com.nfcpoc.hce.EmulationSessionManager: com.nfcpoc.data.model.NfcCard activeCard
com.nfcpoc.hce.ApduRouter: byte[] SW_WRONG_LENGTH
com.nfcpoc.hce.ApduRouter: byte[] SW_UNKNOWN
com.nfcpoc.data.model.MifareSector: java.lang.String keyUsed
com.nfcpoc.data.model.MifareSector: java.lang.String keyType
com.nfcpoc.hce.ApduRouter: byte[] SW_OK
...
kotlin.text.CharCategory: kotlin.text.CharCategory OTHER_NUMBER
kotlin.text.Typography: char pound
kotlin.annotation.AnnotationRetention: kotlin.annotation.AnnotationRetention[] $VALUES
kotlin.sequences.SequencesKt___SequencesKt$runningFoldIndexed$1: java.lang.Object L$0
androidx.fragment.app.DialogFragment: android.app.Dialog mDialog
kotlin.text.CharDirectionality: kotlin.text.CharDirectionality EUROPEAN_NUMBER_TERMINATOR
kotlin.collections.AbstractList$IteratorImpl: int index
kotlin.reflect.KVisibility: kotlin.reflect.KVisibility PUBLIC
com.google.gson.internal.Excluder: double IGNORE_VERSIONS
com.google.gson.Gson$4: com.google.gson.TypeAdapter val$longAdapter
androidx.recyclerview.widget.StaggeredGridLayoutManager: java.lang.Runnable mCheckForGapsRunnable
kotlin.io.path.PathsKt__PathRecursiveFunctionsKt$copyToRecursively$5$4: kotlin.jvm.functions.Function3 $onError
kotlin.time.TimeSource$Monotonic: kotlin.time.TimeSource$Monotonic INSTANCE
kotlin.collections.SlidingWindowKt$windowedIterator$1: int label
com.google.gson.stream.JsonReader: int PEEKED_END_OBJECT
com.google.gson.stream.JsonToken: com.google.gson.stream.JsonToken END_DOCUMENT
com.google.gson.internal.bind.TypeAdapters$EnumTypeAdapter: java.util.Map nameToConstant
androidx.room.RoomDatabase: java.util.List mCallbacks
com.google.gson.internal.LinkedTreeMap: java.util.Comparator NATURAL_ORDER
com.google.gson.stream.JsonReader: int PEEKED_EOF
kotlin.collections.EmptyMap: long serialVersionUID
kotlin.collections.builders.ListBuilder$Itr: int index
kotlin.collections.AbstractIterator: java.lang.Object nextValue
androidx.recyclerview.widget.LinearLayoutManager: int[] mReusableIntPair
kotlin.jvm.internal.Lambda: int arity
com.google.gson.internal.bind.ReflectiveTypeAdapterFactory$BoundField: java.lang.String fieldName
com.google.gson.stream.JsonToken: com.google.gson.stream.JsonToken END_OBJECT
kotlin.math.MathKt: double PI
kotlinx.coroutines.internal.ConcurrentLinkedListNode: java.lang.Object _prev
com.google.gson.stream.JsonReader: int[] stack
kotlin.io.OnErrorAction: kotlin.io.OnErrorAction SKIP
kotlin.collections.ArraysKt___ArraysKt$asSequence$$inlined$Sequence$9: char[] $this_asSequence$inlined
com.google.android.material.datepicker.MaterialTextInputPicker: int themeResId
com.google.gson.GsonBuilder: boolean useJdkUnsafe
androidx.recyclerview.widget.StaggeredGridLayoutManager: boolean mSmoothScrollbarEnabled
androidx.lifecycle.DefaultLifecycleObserverAdapter$WhenMappings: int[] $EnumSwitchMapping$0
com.google.gson.internal.sql.SqlTimeTypeAdapter: com.google.gson.TypeAdapterFactory FACTORY
kotlin.sequences.SequencesKt___SequencesKt$runningFoldIndexed$1: kotlin.jvm.functions.Function3 $operation
kotlin.SynchronizedLazyImpl: java.lang.Object _value
kotlin.internal.RequireKotlinVersionKind: kotlin.internal.RequireKotlinVersionKind COMPILER_VERSION
kotlin.math.Constants: double epsilon
kotlin.coroutines.intrinsics.CoroutineSingletons: kotlin.enums.EnumEntries $ENTRIES
kotlin.jvm.internal.IntCompanionObject: kotlin.jvm.internal.IntCompanionObject INSTANCE
com.google.android.material.datepicker.MaterialDatePicker: java.lang.String DATE_SELECTOR_KEY
kotlin.coroutines.intrinsics.IntrinsicsKt__IntrinsicsJvmKt$createCoroutineUnintercepted$$inlined$createCoroutineFromSuspendFunction$IntrinsicsKt__IntrinsicsJvmKt$1: int label
kotlin.io.encoding.Base64: boolean isMimeScheme
kotlin.io.path.PathNode: java.lang.Object key
kotlin.time.TimeSource$Companion: kotlin.time.TimeSource$Companion $$INSTANCE
kotlin.KotlinVersion: int MAX_COMPONENT_VALUE
com.google.gson.internal.sql.SqlDateTypeAdapter: java.text.DateFormat format
com.google.gson.internal.LinkedTreeMap: java.util.Comparator comparator
kotlin.io.FilePathComponents: java.util.List segments
kotlin.coroutines.CombinedContext$toString$1: kotlin.coroutines.CombinedContext$toString$1 INSTANCE
kotlin.jvm.internal.TypeReference$WhenMappings: int[] $EnumSwitchMapping$0