app/build/outputs/mapping/release/usage.txt
com.nfcpoc.BuildConfig
com.nfcpoc.R$anim:
    private void <init>()
com.nfcpoc.R$color:
    public static int bottom_nav_selector
    public static int color_background
    public static int color_error
    public static int color_nfc_ring
    public static int color_nfc_ring_active
    public static int color_on_background
    public static int color_on_primary
    public static int color_on_secondary
    public static int color_on_surface
    public static int color_on_surface_dim
    public static int color_primary
    public static int color_primary_variant
    public static int color_secondary
    public static int color_secondary_variant
    public static int color_success
    public static int color_surface
    public static int color_surface_variant
    public static int color_warning
    private void <init>()
com.nfcpoc.R$drawable:
    public static int ic_cards
    public static int ic_delete
    public static int ic_nfc_ring
    public static int ic_nfc_scan
    public static int ic_replay
    public static int ic_search
    public static int ic_share
    private void <init>()
com.nfcpoc.R$id:
    public static int nav_graph
    private void <init>()
com.nfcpoc.R$layout:
    private void <init>()
com.nfcpoc.R$menu:
    public static int bottom_nav_menu
    private void <init>()
com.nfcpoc.R$mipmap
com.nfcpoc.R$navigation
com.nfcpoc.R$string:
    public static int app_name
    public static int export
    public static int hce_payment_description
    public static int hce_service_description
    public static int hce_transit_description
    public static int label_hint
    public static int load_for_replay
    public static int nav_cards
    public static int nav_replay
    public static int nav_scan
    public static int no_cards_stored
    private void <init>()
com.nfcpoc.R$style
com.nfcpoc.R$xml
com.nfcpoc.R
com.nfcpoc.data.repository.CardRepository:
    public final java.lang.Object updateCard(com.nfcpoc.data.model.NfcCard,kotlin.coroutines.Continuation)
com.nfcpoc.databinding.ActivityCardDetailBinding:
    public synthetic bridge android.view.View getRoot()
com.nfcpoc.databinding.ActivityMainBinding:
    public synthetic bridge android.view.View getRoot()
com.nfcpoc.databinding.DialogSaveCardBinding:
    public synthetic bridge android.view.View getRoot()
    public android.widget.LinearLayout getRoot()
com.nfcpoc.databinding.FragmentCardListBinding:
    public synthetic bridge android.view.View getRoot()
com.nfcpoc.databinding.FragmentReplayBinding:
    public synthetic bridge android.view.View getRoot()
com.nfcpoc.databinding.FragmentScanBinding:
    public synthetic bridge android.view.View getRoot()
com.nfcpoc.databinding.ItemCardBinding:
    public synthetic bridge android.view.View getRoot()
com.nfcpoc.nfc.handlers.IsoDepHandler$ReadResult:
    public final java.util.List component1()
    public final java.lang.String component2()
    public final java.lang.String component3()
    public final java.lang.String component4()
    public final com.nfcpoc.nfc.handlers.IsoDepHandler$ReadResult copy(java.util.List,java.lang.String,java.lang.String,java.lang.String)
    public static synthetic com.nfcpoc.nfc.handlers.IsoDepHandler$ReadResult copy$default(com.nfcpoc.nfc.handlers.IsoDepHandler$ReadResult,java.util.List,java.lang.String,java.lang.String,java.lang.String,int,java.lang.Object)
com.nfcpoc.nfc.handlers.MifareClassicHandler$ReadResult:
    public final java.util.List component1()
    public final int component2()
    public final int component3()
    public final int component4()
    public final int component5()
    public final com.nfcpoc.nfc.handlers.MifareClassicHandler$ReadResult copy(java.util.List,int,int,int,int)
    public static synthetic com.nfcpoc.nfc.handlers.MifareClassicHandler$ReadResult copy$default(com.nfcpoc.nfc.handlers.MifareClassicHandler$ReadResult,java.util.List,int,int,int,int,int,java.lang.Object)
...
androidx.core.app.NotificationCompatBuilder$Api31Impl
androidx.core.app.NotificationCompatBuilder
androidx.core.app.NotificationCompatExtras
androidx.core.app.NotificationCompatJellybean
androidx.core.app.NotificationCompatSideChannelService$NotificationSideChannelStub
androidx.core.app.NotificationCompatSideChannelService
androidx.core.app.NotificationManagerCompat$Api23Impl
androidx.core.app.NotificationManagerCompat$Api24Impl:
    private void <init>()
androidx.core.app.NotificationManagerCompat$Api26Impl
androidx.core.app.NotificationManagerCompat$Api28Impl
androidx.core.app.NotificationManagerCompat$Api30Impl
androidx.core.app.NotificationManagerCompat$Api34Impl
androidx.core.app.NotificationManagerCompat$CancelTask
androidx.core.app.NotificationManagerCompat$InterruptionFilter
androidx.core.app.NotificationManagerCompat$NotificationWithIdAndTag
androidx.core.app.NotificationManagerCompat$NotifyTask
androidx.core.app.NotificationManagerCompat$ServiceConnectedEvent
androidx.core.app.NotificationManagerCompat$SideChannelManager$ListenerRecord
androidx.core.app.NotificationManagerCompat$SideChannelManager
androidx.core.app.NotificationManagerCompat$Task
androidx.core.app.NotificationManagerCompat:
    public static final java.lang.String ACTION_BIND_SIDE_CHANNEL
    private static final java.lang.String CHECK_OP_NO_THROW
    public static final java.lang.String EXTRA_USE_SIDE_CHANNEL
    public static final int IMPORTANCE_DEFAULT
    public static final int IMPORTANCE_HIGH
    public static final int IMPORTANCE_LOW
    public static final int IMPORTANCE_MAX
    public static final int IMPORTANCE_MIN
    public static final int IMPORTANCE_NONE
    public static final int IMPORTANCE_UNSPECIFIED
    public static final int INTERRUPTION_FILTER_ALARMS
    public static final int INTERRUPTION_FILTER_ALL
    public static final int INTERRUPTION_FILTER_NONE
    public static final int INTERRUPTION_FILTER_PRIORITY
    public static final int INTERRUPTION_FILTER_UNKNOWN
    static final int MAX_SIDE_CHANNEL_SDK_VERSION
    private static final java.lang.String OP_POST_NOTIFICATION
    private static final java.lang.String SETTING_ENABLED_NOTIFICATION_LISTENERS
    private static final int SIDE_CHANNEL_RETRY_BASE_INTERVAL_MS
    private static final int SIDE_CHANNEL_RETRY_MAX_COUNT
    private static final java.lang.String TAG
    private static java.lang.String sEnabledNotificationListeners
    private static androidx.core.app.NotificationManagerCompat$SideChannelManager sSideChannelManager
    void <init>(android.app.NotificationManager,android.content.Context)
    public boolean canUseFullScreenIntent()
    public void cancel(int)
androidx.core.app.OnNewIntentProvider
androidx.core.app.PendingIntentCompat$Api16Impl
androidx.core.app.PendingIntentCompat$Api23Impl
androidx.core.app.PendingIntentCompat$Api26Impl
androidx.core.app.PendingIntentCompat$Flags
androidx.core.app.PendingIntentCompat$GatedCallback
androidx.core.app.PendingIntentCompat
androidx.core.app.Person$Api22Impl
androidx.core.app.Person$Api28Impl
androidx.core.app.Person$Builder
androidx.core.app.Person
androidx.core.app.PictureInPictureModeChangedInfo:
    public android.content.res.Configuration getNewConfig()
androidx.core.app.RemoteActionCompat$Api26Impl
androidx.core.app.RemoteActionCompat$Api28Impl